0 silly input [ 'publish' ]
1 silly flags { _: [ 'publish' ] }
2 verbose rootPath /Users/zouguilin/www/github/lerna-repo
3 info version 2.0.0
4 silly isInitialized
5 silly isInitialized true
6 silly existsSync /Users/zouguilin/www/github/lerna-repo/VERSION
7 silly initialize attempt
8 info current version 0.0.0
9 silly getUpdates
10 info Checking for updated packages...
11 silly hasTags
12 verbose hasTags false
13 info Comparing with initial commit.
14 verbose updated zgl-cli
15 verbose updated zgl-core
16 verbose updated zgl-helpers
17 silly collectDependents
18 silly isPackageDependentOf zgl-cli zgl-cli
19 silly isPackageDependentOf zgl-cli zgl-core
20 silly isPackageDependentOf zgl-cli zgl-helpers
21 silly isPackageDependentOf zgl-core zgl-cli
22 silly isPackageDependentOf zgl-core zgl-core
23 silly isPackageDependentOf zgl-core zgl-helpers
24 silly isPackageDependentOf zgl-helpers zgl-cli
25 silly isPackageDependentOf zgl-helpers zgl-core
26 silly isPackageDependentOf zgl-helpers zgl-helpers
27 silly collectUpdates
28 verbose has filtered update zgl-cli
29 verbose has filtered update zgl-core
30 verbose has filtered update zgl-helpers
31 silly initialize success
32 silly execute attempt
33 silly isDetachedHead
34 silly getCurrentBranch
35 error execute Error: fatal: ambiguous argument 'HEAD': unknown revision or path not in the working tree.
35 error execute Use '--' to separate paths from revisions, like this:
35 error execute 'git <command> [<revision>...] -- [<file>...]'
35 error execute
35 error execute     at Function.module.exports.sync (/Users/zouguilin/.nvm/versions/node/v7.9.0/lib/node_modules/lerna/node_modules/execa/index.js:277:26)
35 error execute     at Function.execSync (/Users/zouguilin/.nvm/versions/node/v7.9.0/lib/node_modules/lerna/lib/ChildProcessUtilities.js:59:30)
35 error execute     at Function.getCurrentBranch (/Users/zouguilin/.nvm/versions/node/v7.9.0/lib/node_modules/lerna/lib/GitUtilities.js:183:59)
35 error execute     at Function.isDetachedHead (/Users/zouguilin/.nvm/versions/node/v7.9.0/lib/node_modules/lerna/lib/GitUtilities.js:37:37)
35 error execute     at PublishCommand.execute (/Users/zouguilin/.nvm/versions/node/v7.9.0/lib/node_modules/lerna/lib/commands/PublishCommand.js:250:55)
35 error execute     at PublishCommand._attempt (/Users/zouguilin/.nvm/versions/node/v7.9.0/lib/node_modules/lerna/lib/Command.js:289:21)
35 error execute     at /Users/zouguilin/.nvm/versions/node/v7.9.0/lib/node_modules/lerna/lib/Command.js:276:15
35 error execute     at /Users/zouguilin/.nvm/versions/node/v7.9.0/lib/node_modules/lerna/lib/Command.js:298:13
35 error execute     at /Users/zouguilin/.nvm/versions/node/v7.9.0/lib/node_modules/lerna/lib/commands/PublishCommand.js:495:11
35 error execute     at /Users/zouguilin/.nvm/versions/node/v7.9.0/lib/node_modules/lerna/lib/PromptUtilities.js:38:9
35 error execute  callback with error
35 error execute  { Error: fatal: ambiguous argument 'HEAD': unknown revision or path not in the working tree.
35 error execute Use '--' to separate paths from revisions, like this:
35 error execute 'git <command> [<revision>...] -- [<file>...]'
35 error execute
35 error execute     at Function.module.exports.sync (/Users/zouguilin/.nvm/versions/node/v7.9.0/lib/node_modules/lerna/node_modules/execa/index.js:277:26)
35 error execute     at Function.execSync (/Users/zouguilin/.nvm/versions/node/v7.9.0/lib/node_modules/lerna/lib/ChildProcessUtilities.js:59:30)
35 error execute     at Function.getCurrentBranch (/Users/zouguilin/.nvm/versions/node/v7.9.0/lib/node_modules/lerna/lib/GitUtilities.js:183:59)
35 error execute     at Function.isDetachedHead (/Users/zouguilin/.nvm/versions/node/v7.9.0/lib/node_modules/lerna/lib/GitUtilities.js:37:37)
35 error execute     at PublishCommand.execute (/Users/zouguilin/.nvm/versions/node/v7.9.0/lib/node_modules/lerna/lib/commands/PublishCommand.js:250:55)
35 error execute     at PublishCommand._attempt (/Users/zouguilin/.nvm/versions/node/v7.9.0/lib/node_modules/lerna/lib/Command.js:289:21)
35 error execute     at /Users/zouguilin/.nvm/versions/node/v7.9.0/lib/node_modules/lerna/lib/Command.js:276:15
35 error execute     at /Users/zouguilin/.nvm/versions/node/v7.9.0/lib/node_modules/lerna/lib/Command.js:298:13
35 error execute     at /Users/zouguilin/.nvm/versions/node/v7.9.0/lib/node_modules/lerna/lib/commands/PublishCommand.js:495:11
35 error execute     at /Users/zouguilin/.nvm/versions/node/v7.9.0/lib/node_modules/lerna/lib/PromptUtilities.js:38:9
35 error execute   stack: 'Error: fatal: ambiguous argument \'HEAD\': unknown revision or path not in the working tree.\nUse \'--\' to separate paths from revisions, like this:\n\'git <command> [<revision>...] -- [<file>...]\'\n\n    at Function.module.exports.sync (/Users/zouguilin/.nvm/versions/node/v7.9.0/lib/node_modules/lerna/node_modules/execa/index.js:277:26)\n    at Function.execSync (/Users/zouguilin/.nvm/versions/node/v7.9.0/lib/node_modules/lerna/lib/ChildProcessUtilities.js:59:30)\n    at Function.getCurrentBranch (/Users/zouguilin/.nvm/versions/node/v7.9.0/lib/node_modules/lerna/lib/GitUtilities.js:183:59)\n    at Function.isDetachedHead (/Users/zouguilin/.nvm/versions/node/v7.9.0/lib/node_modules/lerna/lib/GitUtilities.js:37:37)\n    at PublishCommand.execute (/Users/zouguilin/.nvm/versions/node/v7.9.0/lib/node_modules/lerna/lib/commands/PublishCommand.js:250:55)\n    at PublishCommand._attempt (/Users/zouguilin/.nvm/versions/node/v7.9.0/lib/node_modules/lerna/lib/Command.js:289:21)\n    at /Users/zouguilin/.nvm/versions/node/v7.9.0/lib/node_modules/lerna/lib/Command.js:276:15\n    at /Users/zouguilin/.nvm/versions/node/v7.9.0/lib/node_modules/lerna/lib/Command.js:298:13\n    at /Users/zouguilin/.nvm/versions/node/v7.9.0/lib/node_modules/lerna/lib/commands/PublishCommand.js:495:11\n    at /Users/zouguilin/.nvm/versions/node/v7.9.0/lib/node_modules/lerna/lib/PromptUtilities.js:38:9' }
